<?xml version="1.0" encoding="UTF-8"?>
<testng-results ignored="0" total="0" passed="0" failed="0" skipped="0">
  <reporter-output>
  </reporter-output>
  <suite started-at="2022-06-12T17:15:10 CEST" name="Default suite" finished-at="2022-06-12T17:15:10 CEST" duration-ms="34">
    <groups>
    </groups>
    <test started-at="2022-06-12T17:15:10 CEST" name="Default test" finished-at="2022-06-12T17:15:10 CEST" duration-ms="34">
    </test> <!-- Default test -->
  </suite> <!-- Default suite -->
</testng-results>
