# JRE version: OpenJDK Runtime Environment Temurin-17.0.8.1+1 (17.0.8.1+1) (build 17.0.8.1+1)
# Java VM: OpenJDK 64-Bit Server VM Temurin-17.0.8.1+1 (17.0.8.1+1, mixed mode, tiered, compressed oops, compressed class ptrs, g1 gc, windows-amd64)
GC Precious Log:
 CPUs: 12 total, 12 available
 Memory: 7523M
 Large Page Support: Disabled
 NUMA Support: Disabled
 Compressed Oops: Enabled (32-bit)
 Heap Region Size: 1M
 Heap Min Capacity: 8M
 Heap Initial Capacity: 118M
 Heap Max Capacity: 1882M
 Pre-touch: Disabled
 Parallel Workers: 10
 Concurrent Workers: 3
 Concurrent Refinement Workers: 10
 Periodic GC: Disabled
Heap:
 garbage-first heap   total 41984K, used 31568K [0x000000008a600000, 0x0000000100000000)
  region size 1024K, 15 young (15360K), 2 survivors (2048K)
 Metaspace       used 41041K, committed 41280K, reserved 1114112K
  class space    used 4886K, committed 4992K, reserved 1048576K
GC Heap History (16 events):
Event: 0.482 GC heap before
{Heap before GC invocations=0 (full 0):
 garbage-first heap   total 120832K, used 22528K [0x000000008a600000, 0x0000000100000000)
  region size 1024K, 23 young (23552K), 0 survivors (0K)
 Metaspace       used 12365K, committed 12480K, reserved 1114112K
  class space    used 1127K, committed 1152K, reserved 1048576K
}
Event: 0.488 GC heap after
{Heap after GC invocations=1 (full 0):
 garbage-first heap   total 120832K, used 6264K [0x000000008a600000, 0x0000000100000000)
  region size 1024K, 3 young (3072K), 3 survivors (3072K)
 Metaspace       used 12365K, committed 12480K, reserved 1114112K
  class space    used 1127K, committed 1152K, reserved 1048576K
}
Event: 0.921 GC heap before
{Heap before GC invocations=1 (full 0):
 garbage-first heap   total 120832K, used 33912K [0x000000008a600000, 0x0000000100000000)
  region size 1024K, 30 young (30720K), 3 survivors (3072K)
 Metaspace       used 18910K, committed 19072K, reserved 1114112K
  class space    used 1975K, committed 2048K, reserved 1048576K
}
Event: 0.926 GC heap after
{Heap after GC invocations=2 (full 0):
 garbage-first heap   total 120832K, used 8305K [0x000000008a600000, 0x0000000100000000)
  region size 1024K, 2 young (2048K), 2 survivors (2048K)
 Metaspace       used 18910K, committed 19072K, reserved 1114112K
  class space    used 1975K, committed 2048K, reserved 1048576K
}
Event: 1.049 GC heap before
{Heap before GC invocations=2 (full 0):
 garbage-first heap   total 120832K, used 19569K [0x000000008a600000, 0x0000000100000000)
  region size 1024K, 15 young (15360K), 2 survivors (2048K)
 Metaspace       used 21390K, committed 21504K, reserved 1114112K
  class space    used 2253K, committed 2304K, reserved 1048576K
}
Event: 1.051 GC heap after
{Heap after GC invocations=3 (full 0):
 garbage-first heap   total 120832K, used 8404K [0x000000008a600000, 0x0000000100000000)
  region size 1024K, 2 young (2048K), 2 survivors (2048K)
 Metaspace       used 21390K, committed 21504K, reserved 1114112K
  class space    used 2253K, committed 2304K, reserved 1048576K
}
Event: 1.388 GC heap before
{Heap before GC invocations=4 (full 0):
 garbage-first heap   total 34816K, used 25812K [0x000000008a600000, 0x0000000100000000)
  region size 1024K, 20 young (20480K), 2 survivors (2048K)
 Metaspace       used 25355K, committed 25600K, reserved 1114112K
  class space    used 2823K, committed 2944K, reserved 1048576K
}
Event: 1.393 GC heap after
{Heap after GC invocations=5 (full 0):
 garbage-first heap   total 34816K, used 10056K [0x000000008a600000, 0x0000000100000000)
  region size 1024K, 2 young (2048K), 2 survivors (2048K)
 Metaspace       used 25355K, committed 25600K, reserved 1114112K
  class space    used 2823K, committed 2944K, reserved 1048576K
}
Event: 2.956 GC heap before
{Heap before GC invocations=5 (full 0):
 garbage-first heap   total 34816K, used 24392K [0x000000008a600000, 0x0000000100000000)
  region size 1024K, 16 young (16384K), 2 survivors (2048K)
 Metaspace       used 29452K, committed 29696K, reserved 1114112K
  class space    used 3404K, committed 3520K, reserved 1048576K
}
Event: 2.960 GC heap after
{Heap after GC invocations=6 (full 0):
 garbage-first heap   total 41984K, used 11039K [0x000000008a600000, 0x0000000100000000)
  region size 1024K, 2 young (2048K), 2 survivors (2048K)
 Metaspace       used 29452K, committed 29696K, reserved 1114112K
  class space    used 3404K, committed 3520K, reserved 1048576K
}
Event: 3.231 GC heap before
{Heap before GC invocations=6 (full 0):
 garbage-first heap   total 41984K, used 26399K [0x000000008a600000, 0x0000000100000000)
  region size 1024K, 18 young (18432K), 2 survivors (2048K)
 Metaspace       used 35196K, committed 35520K, reserved 1114112K
  class space    used 4049K, committed 4224K, reserved 1048576K
}
Event: 3.235 GC heap after
{Heap after GC invocations=7 (full 0):
 garbage-first heap   total 41984K, used 13645K [0x000000008a600000, 0x0000000100000000)
  region size 1024K, 3 young (3072K), 3 survivors (3072K)
 Metaspace       used 35196K, committed 35520K, reserved 1114112K
  class space    used 4049K, committed 4224K, reserved 1048576K
}
Event: 3.260 GC heap before
{Heap before GC invocations=7 (full 0):
 garbage-first heap   total 41984K, used 15693K [0x000000008a600000, 0x0000000100000000)
  region size 1024K, 6 young (6144K), 3 survivors (3072K)
 Metaspace       used 35784K, committed 36096K, reserved 1114112K
  class space    used 4112K, committed 4288K, reserved 1048576K
}
Event: 3.264 GC heap after
{Heap after GC invocations=8 (full 0):
 garbage-first heap   total 41984K, used 14560K [0x000000008a600000, 0x0000000100000000)
  region size 1024K, 1 young (1024K), 1 survivors (1024K)
 Metaspace       used 35784K, committed 36096K, reserved 1114112K
  class space    used 4112K, committed 4288K, reserved 1048576K
}
Event: 3.897 GC heap before
{Heap before GC invocations=9 (full 0):
 garbage-first heap   total 41984K, used 26848K [0x000000008a600000, 0x0000000100000000)
  region size 1024K, 15 young (15360K), 1 survivors (1024K)
 Metaspace       used 39004K, committed 39296K, reserved 1114112K
  class space    used 4595K, committed 4736K, reserved 1048576K
}
Event: 3.900 GC heap after
{Heap after GC invocations=10 (full 0):
 garbage-first heap   total 41984K, used 15184K [0x000000008a600000, 0x0000000100000000)
  region size 1024K, 2 young (2048K), 2 survivors (2048K)
 Metaspace       used 39004K, committed 39296K, reserved 1114112K
  class space    used 4595K, committed 4736K, reserved 1048576K
}

