# JRE version: OpenJDK Runtime Environment Temurin-17.0.8.1+1 (17.0.8.1+1) (build 17.0.8.1+1)
# Java VM: OpenJDK 64-Bit Server VM Temurin-17.0.8.1+1 (17.0.8.1+1, mixed mode, tiered, compressed oops, compressed class ptrs, g1 gc, windows-amd64)
GC Precious Log:
 CPUs: 12 total, 12 available
 Memory: 7523M
 Large Page Support: Disabled
 NUMA Support: Disabled
 Compressed Oops: Enabled (32-bit)
 Heap Region Size: 1M
 Heap Min Capacity: 8M
 Heap Initial Capacity: 118M
 Heap Max Capacity: 1882M
 Pre-touch: Disabled
 Parallel Workers: 10
 Concurrent Workers: 3
 Concurrent Refinement Workers: 10
 Periodic GC: Disabled
Heap:
 garbage-first heap   total 57344K, used 23170K [0x000000008a600000, 0x0000000100000000)
  region size 1024K, 10 young (10240K), 4 survivors (4096K)
 Metaspace       used 31550K, committed 31808K, reserved 1114112K
  class space    used 3278K, committed 3392K, reserved 1048576K
GC Heap History (20 events):
Event: 1.646 GC heap before
{Heap before GC invocations=2 (full 0):
 garbage-first heap   total 120832K, used 11206K [0x000000008a600000, 0x0000000100000000)
  region size 1024K, 8 young (8192K), 2 survivors (2048K)
 Metaspace       used 21308K, committed 21504K, reserved 1114112K
  class space    used 2253K, committed 2304K, reserved 1048576K
}
Event: 1.650 GC heap after
{Heap after GC invocations=3 (full 0):
 garbage-first heap   total 120832K, used 6491K [0x000000008a600000, 0x0000000100000000)
  region size 1024K, 3 young (3072K), 3 survivors (3072K)
 Metaspace       used 21308K, committed 21504K, reserved 1114112K
  class space    used 2253K, committed 2304K, reserved 1048576K
}
Event: 2.059 GC heap before
{Heap before GC invocations=4 (full 0):
 garbage-first heap   total 30720K, used 20827K [0x000000008a600000, 0x0000000100000000)
  region size 1024K, 18 young (18432K), 3 survivors (3072K)
 Metaspace       used 24346K, committed 24512K, reserved 1114112K
  class space    used 2642K, committed 2752K, reserved 1048576K
}
Event: 2.064 GC heap after
{Heap after GC invocations=5 (full 0):
 garbage-first heap   total 30720K, used 7789K [0x000000008a600000, 0x0000000100000000)
  region size 1024K, 2 young (2048K), 2 survivors (2048K)
 Metaspace       used 24346K, committed 24512K, reserved 1114112K
  class space    used 2642K, committed 2752K, reserved 1048576K
}
Event: 2.081 GC heap before
{Heap before GC invocations=5 (full 0):
 garbage-first heap   total 30720K, used 8813K [0x000000008a600000, 0x0000000100000000)
  region size 1024K, 3 young (3072K), 2 survivors (2048K)
 Metaspace       used 24543K, committed 24704K, reserved 1114112K
  class space    used 2663K, committed 2752K, reserved 1048576K
}
Event: 2.085 GC heap after
{Heap after GC invocations=6 (full 0):
 garbage-first heap   total 30720K, used 7890K [0x000000008a600000, 0x0000000100000000)
  region size 1024K, 1 young (1024K), 1 survivors (1024K)
 Metaspace       used 24543K, committed 24704K, reserved 1114112K
  class space    used 2663K, committed 2752K, reserved 1048576K
}
Event: 2.444 GC heap before
{Heap before GC invocations=6 (full 0):
 garbage-first heap   total 30720K, used 21202K [0x000000008a600000, 0x0000000100000000)
  region size 1024K, 14 young (14336K), 1 survivors (1024K)
 Metaspace       used 25705K, committed 25856K, reserved 1114112K
  class space    used 2775K, committed 2816K, reserved 1048576K
}
Event: 2.448 GC heap after
{Heap after GC invocations=7 (full 0):
 garbage-first heap   total 47104K, used 8846K [0x000000008a600000, 0x0000000100000000)
  region size 1024K, 2 young (2048K), 2 survivors (2048K)
 Metaspace       used 25705K, committed 25856K, reserved 1114112K
  class space    used 2775K, committed 2816K, reserved 1048576K
}
Event: 2.687 GC heap before
{Heap before GC invocations=7 (full 0):
 garbage-first heap   total 47104K, used 32398K [0x000000008a600000, 0x0000000100000000)
  region size 1024K, 25 young (25600K), 2 survivors (2048K)
 Metaspace       used 26001K, committed 26176K, reserved 1114112K
  class space    used 2779K, committed 2880K, reserved 1048576K
}
Event: 2.690 GC heap after
{Heap after GC invocations=8 (full 0):
 garbage-first heap   total 47104K, used 9898K [0x000000008a600000, 0x0000000100000000)
  region size 1024K, 3 young (3072K), 3 survivors (3072K)
 Metaspace       used 26001K, committed 26176K, reserved 1114112K
  class space    used 2779K, committed 2880K, reserved 1048576K
}
Event: 2.925 GC heap before
{Heap before GC invocations=8 (full 0):
 garbage-first heap   total 47104K, used 33450K [0x000000008a600000, 0x0000000100000000)
  region size 1024K, 26 young (26624K), 3 survivors (3072K)
 Metaspace       used 26236K, committed 26368K, reserved 1114112K
  class space    used 2782K, committed 2880K, reserved 1048576K
}
Event: 2.929 GC heap after
{Heap after GC invocations=9 (full 0):
 garbage-first heap   total 47104K, used 11316K [0x000000008a600000, 0x0000000100000000)
  region size 1024K, 3 young (3072K), 3 survivors (3072K)
 Metaspace       used 26236K, committed 26368K, reserved 1114112K
  class space    used 2782K, committed 2880K, reserved 1048576K
}
Event: 3.152 GC heap before
{Heap before GC invocations=9 (full 0):
 garbage-first heap   total 47104K, used 34868K [0x000000008a600000, 0x0000000100000000)
  region size 1024K, 26 young (26624K), 3 survivors (3072K)
 Metaspace       used 26505K, committed 26688K, reserved 1114112K
  class space    used 2793K, committed 2880K, reserved 1048576K
}
Event: 3.156 GC heap after
{Heap after GC invocations=10 (full 0):
 garbage-first heap   total 47104K, used 13136K [0x000000008a600000, 0x0000000100000000)
  region size 1024K, 4 young (4096K), 4 survivors (4096K)
 Metaspace       used 26505K, committed 26688K, reserved 1114112K
  class space    used 2793K, committed 2880K, reserved 1048576K
}
Event: 3.458 GC heap before
{Heap before GC invocations=10 (full 0):
 garbage-first heap   total 47104K, used 34640K [0x000000008a600000, 0x0000000100000000)
  region size 1024K, 25 young (25600K), 4 survivors (4096K)
 Metaspace       used 26860K, committed 27008K, reserved 1114112K
  class space    used 2808K, committed 2880K, reserved 1048576K
}
Event: 3.462 GC heap after
{Heap after GC invocations=11 (full 0):
 garbage-first heap   total 57344K, used 13871K [0x000000008a600000, 0x0000000100000000)
  region size 1024K, 3 young (3072K), 3 survivors (3072K)
 Metaspace       used 26860K, committed 27008K, reserved 1114112K
  class space    used 2808K, committed 2880K, reserved 1048576K
}
Event: 3.921 GC heap before
{Heap before GC invocations=11 (full 0):
 garbage-first heap   total 57344K, used 43567K [0x000000008a600000, 0x0000000100000000)
  region size 1024K, 32 young (32768K), 3 survivors (3072K)
 Metaspace       used 28415K, committed 28672K, reserved 1114112K
  class space    used 2957K, committed 3072K, reserved 1048576K
}
Event: 3.926 GC heap after
{Heap after GC invocations=12 (full 0):
 garbage-first heap   total 57344K, used 16006K [0x000000008a600000, 0x0000000100000000)
  region size 1024K, 3 young (3072K), 3 survivors (3072K)
 Metaspace       used 28415K, committed 28672K, reserved 1114112K
  class space    used 2957K, committed 3072K, reserved 1048576K
}
Event: 4.296 GC heap before
{Heap before GC invocations=12 (full 0):
 garbage-first heap   total 57344K, used 44678K [0x000000008a600000, 0x0000000100000000)
  region size 1024K, 31 young (31744K), 3 survivors (3072K)
 Metaspace       used 30672K, committed 30976K, reserved 1114112K
  class space    used 3178K, committed 3328K, reserved 1048576K
}
Event: 4.302 GC heap after
{Heap after GC invocations=13 (full 0):
 garbage-first heap   total 57344K, used 18050K [0x000000008a600000, 0x0000000100000000)
  region size 1024K, 4 young (4096K), 4 survivors (4096K)
 Metaspace       used 30672K, committed 30976K, reserved 1114112K
  class space    used 3178K, committed 3328K, reserved 1048576K
}

