# JRE version: OpenJDK Runtime Environment Temurin-17.0.8.1+1 (17.0.8.1+1) (build 17.0.8.1+1)
# Java VM: OpenJDK 64-Bit Server VM Temurin-17.0.8.1+1 (17.0.8.1+1, mixed mode, tiered, compressed oops, compressed class ptrs, g1 gc, windows-amd64)
GC Precious Log:
 CPUs: 12 total, 12 available
 Memory: 7523M
 Large Page Support: Disabled
 NUMA Support: Disabled
 Compressed Oops: Enabled (32-bit)
 Heap Region Size: 1M
 Heap Min Capacity: 8M
 Heap Initial Capacity: 118M
 Heap Max Capacity: 1882M
 Pre-touch: Disabled
 Parallel Workers: 10
 Concurrent Workers: 3
 Concurrent Refinement Workers: 10
 Periodic GC: Disabled
Heap:
 garbage-first heap   total 34816K, used 14743K [0x000000008a600000, 0x0000000100000000)
  region size 1024K, 5 young (5120K), 2 survivors (2048K)
 Metaspace       used 30966K, committed 31360K, reserved 1114112K
  class space    used 3661K, committed 3840K, reserved 1048576K
GC Heap History (10 events):
Event: 0.574 GC heap before
{Heap before GC invocations=0 (full 0):
 garbage-first heap   total 120832K, used 22528K [0x000000008a600000, 0x0000000100000000)
  region size 1024K, 23 young (23552K), 0 survivors (0K)
 Metaspace       used 12727K, committed 12928K, reserved 1114112K
  class space    used 1294K, committed 1408K, reserved 1048576K
}
Event: 0.580 GC heap after
{Heap after GC invocations=1 (full 0):
 garbage-first heap   total 120832K, used 6638K [0x000000008a600000, 0x0000000100000000)
  region size 1024K, 3 young (3072K), 3 survivors (3072K)
 Metaspace       used 12727K, committed 12928K, reserved 1114112K
  class space    used 1294K, committed 1408K, reserved 1048576K
}
Event: 0.967 GC heap before
{Heap before GC invocations=1 (full 0):
 garbage-first heap   total 120832K, used 31214K [0x000000008a600000, 0x0000000100000000)
  region size 1024K, 27 young (27648K), 3 survivors (3072K)
 Metaspace       used 18788K, committed 19008K, reserved 1114112K
  class space    used 2020K, committed 2112K, reserved 1048576K
}
Event: 0.971 GC heap after
{Heap after GC invocations=2 (full 0):
 garbage-first heap   total 120832K, used 8227K [0x000000008a600000, 0x0000000100000000)
  region size 1024K, 2 young (2048K), 2 survivors (2048K)
 Metaspace       used 18788K, committed 19008K, reserved 1114112K
  class space    used 2020K, committed 2112K, reserved 1048576K
}
Event: 1.141 GC heap before
{Heap before GC invocations=2 (full 0):
 garbage-first heap   total 120832K, used 18467K [0x000000008a600000, 0x0000000100000000)
  region size 1024K, 13 young (13312K), 2 survivors (2048K)
 Metaspace       used 21265K, committed 21504K, reserved 1114112K
  class space    used 2358K, committed 2496K, reserved 1048576K
}
Event: 1.143 GC heap after
{Heap after GC invocations=3 (full 0):
 garbage-first heap   total 120832K, used 8847K [0x000000008a600000, 0x0000000100000000)
  region size 1024K, 2 young (2048K), 2 survivors (2048K)
 Metaspace       used 21265K, committed 21504K, reserved 1114112K
  class space    used 2358K, committed 2496K, reserved 1048576K
}
Event: 2.503 GC heap before
{Heap before GC invocations=4 (full 0):
 garbage-first heap   total 34816K, used 26255K [0x000000008a600000, 0x0000000100000000)
  region size 1024K, 20 young (20480K), 2 survivors (2048K)
 Metaspace       used 27178K, committed 27520K, reserved 1114112K
  class space    used 3141K, committed 3328K, reserved 1048576K
}
Event: 2.509 GC heap after
{Heap after GC invocations=5 (full 0):
 garbage-first heap   total 34816K, used 10926K [0x000000008a600000, 0x0000000100000000)
  region size 1024K, 4 young (4096K), 4 survivors (4096K)
 Metaspace       used 27178K, committed 27520K, reserved 1114112K
  class space    used 3141K, committed 3328K, reserved 1048576K
}
Event: 6.799 GC heap before
{Heap before GC invocations=5 (full 0):
 garbage-first heap   total 34816K, used 25262K [0x000000008a600000, 0x0000000100000000)
  region size 1024K, 18 young (18432K), 4 survivors (4096K)
 Metaspace       used 30622K, committed 30912K, reserved 1114112K
  class space    used 3598K, committed 3712K, reserved 1048576K
}
Event: 6.806 GC heap after
{Heap after GC invocations=6 (full 0):
 garbage-first heap   total 34816K, used 12695K [0x000000008a600000, 0x0000000100000000)
  region size 1024K, 2 young (2048K), 2 survivors (2048K)
 Metaspace       used 30622K, committed 30912K, reserved 1114112K
  class space    used 3598K, committed 3712K, reserved 1048576K
}

