<?xml version="1.0" encoding="UTF-8" standalone="no"?>
<testsuite errors="0" failures="0" name="io.cucumber.core.plugin.JUnitFormatter" skipped="0" tests="2" time="84.926">
    <testcase classname="Se connecter à WAP" name="Se connecter à WAP" time="41.657">
        <system-out>
            <![CDATA[Given Que le navigateur est ouvert..........................................passed
And Je cherche URL de WAP...................................................passed
And Je rentre "fake_people_manager@yopmail.com" et mon mot de passe.........passed
And Je clique sur le bouton sign in.........................................passed
Then Je verifie que je suis connecté........................................passed
]]>
        </system-out>
    </testcase>
    <testcase classname="Se connecter à WAP" name="Se connecter à WAP 2" time="42.4">
        <system-out>
            <![CDATA[Given Que le navigateur est ouvert..........................................passed
And Je cherche URL de WAP...................................................passed
And Je rentre "fake.user@yopmail.com" et mon mot de passe...................passed
And Je clique sur le bouton sign in.........................................passed
Then Je verifie que je suis connecté........................................passed
]]>
        </system-out>
    </testcase>
</testsuite>
